<?xml version="1.0" encoding="utf-8"?><testsuites name="pytest tests"><testsuite name="pytest" errors="0" failures="0" skipped="0" tests="9" time="1.800" timestamp="2026-06-24T10:40:47.614167+00:00" hostname="agent-env-ccc17138-ffca-488c-aece-517ac1a5920a"><testcase classname="backend.tests.test_analyze_all_cors_timeout.TestAnalyzeAllHappyPath" name="test_single_transcript" time="0.217" /><testcase classname="backend.tests.test_analyze_all_cors_timeout.TestAnalyzeAllHappyPath" name="test_three_transcripts_under_35s" time="0.144" /><testcase classname="backend.tests.test_analyze_all_cors_timeout.TestAnalyzeAll404" name="test_unknown_bc_returns_404_with_cors" time="0.003" /><testcase classname="backend.tests.test_analyze_all_cors_timeout.TestCorsPreflight" name="test_preflight_allowed_origins[https://thcodemo.space]" time="0.002" /><testcase classname="backend.tests.test_analyze_all_cors_timeout.TestCorsPreflight" name="test_preflight_allowed_origins[https://www.thcodemo.space]" time="0.001" /><testcase classname="backend.tests.test_analyze_all_cors_timeout.TestCorsPreflight" name="test_preflight_allowed_origins[https://tasck-live-demo-1.emergent.host]" time="0.001" /><testcase classname="backend.tests.test_analyze_all_cors_timeout.TestCorsPreflight" name="test_preflight_disallowed_origin_no_acao" time="0.001" /><testcase classname="backend.tests.test_analyze_all_cors_timeout.TestCorsPreflight" name="test_post_disallowed_origin_still_returns_2xx_no_acao" time="0.151" /><testcase classname="backend.tests.test_analyze_all_cors_timeout.TestPerPhaseLogging" name="test_phase_log_lines_emitted" time="1.144" /></testsuite></testsuites>