<?xml version="1.0" encoding="utf-8"?><testsuites name="pytest tests"><testsuite name="pytest" errors="0" failures="2" skipped="0" tests="8" time="31.464" timestamp="2026-06-25T09:07:46.506786+00:00" hostname="agent-env-ccc17138-ffca-488c-aece-517ac1a5920a"><testcase classname="backend.tests.test_iter29_restoration" name="test_fix2_business_case_has_8_readiness_fields" time="5.375"><failure message="AssertionError: alignment_tool_analysis missing&#10;assert None is not None">backend/tests/test_iter29_restoration.py:33: in test_fix2_business_case_has_8_readiness_fields
    assert ata is not None, "alignment_tool_analysis missing"
E   AssertionError: alignment_tool_analysis missing
E   assert None is not None</failure></testcase><testcase classname="backend.tests.test_iter29_restoration" name="test_fix8a_diagnostics_anthropic_gated_404" time="0.105" /><testcase classname="backend.tests.test_iter29_restoration" name="test_fix8b_admin_meeting_delete_gated" time="0.128" /><testcase classname="backend.tests.test_iter29_restoration" name="test_fix1_and_weyan_brand_scraper" time="25.063" /><testcase classname="backend.tests.test_iter29_restoration" name="test_fix4_analyze_all_background_job" time="0.211"><failure message="AssertionError: expected background_job, got {'ok': True, 'recommendation': {'decision': 'reschedule', 'label': 'Reschedule Business Call', 'confidence': 0, 'reasons': ['Transcripts are empty, so TASCK cannot make a reliable decision.'], 'missing_context': ['Key marketing focus', 'Primary target audience', 'Key marketing channels', 'KPIs', 'Budget range', 'Timeline', 'Approval process / decision maker', 'Current marketing challenge'], 'summary': 'No transcripts provided yet.', 'next_questions': ['Clarify Key marketing focus.', 'Clarify Primary target audience.', 'Clarify Key marketing channels.', 'Clarify KPIs.', 'Clarify Budget range.', 'Clarify Timeline.', 'Clarify Approval process / decision maker.', 'Clarify Current marketing challenge.'], 'captured_context': [], 'risk_flags': [], 'marketing_intelligence': {'key_marketing_focus': 'Needs confirmation: the transcript did not clearly state the key marketing focus.', 'primary_target_audience': 'Needs confirmation: the transcript did not clearly state the primary target audience.', 'key_marketing_channels': ['Needs confirmation: the transcript did not clearly state the approved marketing channels.'], 'kpis': [{'kpi': 'Needs confirmation', 'target': 'Needs confirmation', 'evidence': 'The transcript did not clearly state the KPI or measurement target.'}], 'budget_range': 'Needs confirmation: the transcript did not clearly state the budget range.', 'timeline': 'Needs confirmation: the transcript did not clearly state the timeline.', 'approval_process_decision_maker': 'Needs confirmation: the transcript did not clearly state the approval process or decision maker.', 'current_marketing_challenge': 'Needs confirmation: the transcript did not clearly state the current marketing challenge.', 'confidence': 0, 'captured_fields': [], 'missing_fields': ['key_marketing_focus', 'primary_target_audience', 'key_marketing_channels', 'kpis', 'budget_range', 'timeline', 'approval_process_decision_maker', 'current_marketing_challenge'], 'evidence_notes': ['No LLM-backed transcript analysis was available. All fields need brand confirmation.'], 'captured_field_labels': [], 'missing_field_labels': ['Key marketing focus', 'Primary target audience', 'Key marketing channels', 'KPIs', 'Budget range', 'Timeline', 'Approval process / decision maker', 'Current marketing challenge'], 'generated_at': '2026-06-25T09:08:17.442791+00:00'}, 'alignment_snapshot_fields': [{'question': 'Key marketing focus', 'key': 'key_marketing_focus', 'answer': 'Needs confirmation: the transcript did not clearly state the key marketing focus.', 'value': 'Needs confirmation: the transcript did not clearly state the key marketing focus.', 'status': 'needs_confirmation'}, {'question': 'Primary target audience', 'key': 'primary_target_audience', 'answer': 'Needs confirmation: the transcript did not clearly state the primary target audience.', 'value': 'Needs confirmation: the transcript did not clearly state the primary target audience.', 'status': 'needs_confirmation'}, {'question': 'Key marketing channels', 'key': 'key_marketing_channels', 'answer': 'Needs confirmation: the transcript did not clearly state the approved marketing channels.', 'value': ['Needs confirmation: the transcript did not clearly state the approved marketing channels.'], 'status': 'needs_confirmation'}, {'question': 'KPIs', 'key': 'kpis', 'answer': 'Needs confirmation: Needs confirmation (evidence: The transcript did not clearly state the KPI or measurement target.)', 'value': [{'kpi': 'Needs confirmation', 'target': 'Needs confirmation', 'evidence': 'The transcript did not clearly state the KPI or measurement target.'}], 'status': 'needs_confirmation'}, {'question': 'Budget range', 'key': 'budget_range', 'answer': 'Needs confirmation: the transcript did not clearly state the budget range.', 'value': 'Needs confirmation: the transcript did not clearly state the budget range.', 'status': 'needs_confirmation'}, {'question': 'Timeline', 'key': 'timeline', 'answer': 'Needs confirmation: the transcript did not clearly state the timeline.', 'value': 'Needs confirmation: the transcript did not clearly state the timeline.', 'status': 'needs_confirmation'}, {'question': 'Approval process / decision maker', 'key': 'approval_process_decision_maker', 'answer': 'Needs confirmation: the transcript did not clearly state the approval process or decision maker.', 'value': 'Needs confirmation: the transcript did not clearly state the approval process or decision maker.', 'status': 'needs_confirmation'}, {'question': 'Current marketing challenge', 'key': 'current_marketing_challenge', 'answer': 'Needs confirmation: the transcript did not clearly state the current marketing challenge.', 'value': 'Needs confirmation: the transcript did not clearly state the current marketing challenge.', 'status': 'needs_confirmation'}], 'readiness': {'captured_count': 0, 'missing_count': 8, 'total_count': 8, 'percentage': 0}, 'analysis_source': 'honest_fallback', 'analysis_model': '', 'transcript_count': 0, 'evidence_notes': ['No LLM-backed transcript analysis was available. All fields need brand confirmation.']}, 'business_case': {'id': 'bc-472329ed4c', 'brand_id': 'brand-484ce2bc64', 'brand_name': 'CJID', 'closure': {'report': 'Filed in the Business Case (Reporting Page)', 'feedback': 'None (Feedback forms were shared but not completed)', 'brand_score': 'None', 'creative_score': 'None'}, 'connect': {'status': 'Dormant', 'intelligence': 'Unify all CJID Index content under a single narrative and hashtag, mobilize students to drive organic conversations on Twitter, and use CJID platforms and micro-influencers to amplify participant-led stories into sustained public engagement.', 'outreach_angle': '', 'suggested_outreach': '', 'alignment_tool_analysis': {'key_marketing_focus': 'Needs confirmation: the transcript did not clearly state the key marketing focus.', 'primary_target_audience': 'Needs confirmation: the transcript did not clearly state the primary target audience.', 'key_marketing_channels': ['Needs confirmation: the transcript did not clearly state the approved marketing channels.'], 'kpis': [{'kpi': 'Needs confirmation', 'target': 'Needs confirmation', 'evidence': 'The transcript did not clearly state the KPI or measurement target.'}], 'budget_range': 'Needs confirmation: the transcript did not clearly state the budget range.', 'timeline': 'Needs confirmation: the transcript did not clearly state the timeline.', 'approval_process_decision_maker': 'Needs confirmation: the transcript did not clearly state the approval process or decision maker.', 'current_marketing_challenge': 'Needs confirmation: the transcript did not clearly state the current marketing challenge.', 'confidence': 0, 'captured_fields': [], 'missing_fields': ['key_marketing_focus', 'primary_target_audience', 'key_marketing_channels', 'kpis', 'budget_range', 'timeline', 'approval_process_decision_maker', 'current_marketing_challenge'], 'captured_field_labels': [], 'missing_field_labels': ['Key marketing focus', 'Primary target audience', 'Key marketing channels', 'KPIs', 'Budget range', 'Timeline', 'Approval process / decision maker', 'Current marketing challenge'], 'evidence_notes': ['No LLM-backed transcript analysis was available. All fields need brand confirmation.'], 'analysis_source': 'honest_fallback', 'analysis_model': '', 'generated_at': '2026-06-25T09:08:17.442791+00:00'}, 'analysis': {'decision': 'reschedule', 'label': 'Reschedule Business Call', 'confidence': 0, 'reasons': ['Transcripts are empty, so TASCK cannot make a reliable decision.'], 'missing_context': ['Key marketing focus', 'Primary target audience', 'Key marketing channels', 'KPIs', 'Budget range', 'Timeline', 'Approval process / decision maker', 'Current marketing challenge'], 'summary': 'No transcripts provided yet.', 'next_questions': ['Clarify Key marketing focus.', 'Clarify Primary target audience.', 'Clarify Key marketing channels.', 'Clarify KPIs.', 'Clarify Budget range.', 'Clarify Timeline.', 'Clarify Approval process / decision maker.', 'Clarify Current marketing challenge.'], 'captured_context': [], 'risk_flags': [], 'marketing_intelligence': {'key_marketing_focus': 'Needs confirmation: the transcript did not clearly state the key marketing focus.', 'primary_target_audience': 'Needs confirmation: the transcript did not clearly state the primary target audience.', 'key_marketing_channels': ['Needs confirmation: the transcript did not clearly state the approved marketing channels.'], 'kpis': [{'kpi': 'Needs confirmation', 'target': 'Needs confirmation', 'evidence': 'The transcript did not clearly state the KPI or measurement target.'}], 'budget_range': 'Needs confirmation: the transcript did not clearly state the budget range.', 'timeline': 'Needs confirmation: the transcript did not clearly state the timeline.', 'approval_process_decision_maker': 'Needs confirmation: the transcript did not clearly state the approval process or decision maker.', 'current_marketing_challenge': 'Needs confirmation: the transcript did not clearly state the current marketing challenge.', 'confidence': 0, 'captured_fields': [], 'missing_fields': ['key_marketing_focus', 'primary_target_audience', 'key_marketing_channels', 'kpis', 'budget_range', 'timeline', 'approval_process_decision_maker', 'current_marketing_challenge'], 'evidence_notes': ['No LLM-backed transcript analysis was available. All fields need brand confirmation.'], 'captured_field_labels': [], 'missing_field_labels': ['Key marketing focus', 'Primary target audience', 'Key marketing channels', 'KPIs', 'Budget range', 'Timeline', 'Approval process / decision maker', 'Current marketing challenge'], 'generated_at': '2026-06-25T09:08:17.442791+00:00'}, 'alignment_snapshot_fields': [{'question': 'Key marketing focus', 'key': 'key_marketing_focus', 'answer': 'Needs confirmation: the transcript did not clearly state the key marketing focus.', 'value': 'Needs confirmation: the transcript did not clearly state the key marketing focus.', 'status': 'needs_confirmation'}, {'question': 'Primary target audience', 'key': 'primary_target_audience', 'answer': 'Needs confirmation: the transcript did not clearly state the primary target audience.', 'value': 'Needs confirmation: the transcript did not clearly state the primary target audience.', 'status': 'needs_confirmation'}, {'question': 'Key marketing channels', 'key': 'key_marketing_channels', 'answer': 'Needs confirmation: the transcript did not clearly state the approved marketing channels.', 'value': ['Needs confirmation: the transcript did not clearly state the approved marketing channels.'], 'status': 'needs_confirmation'}, {'question': 'KPIs', 'key': 'kpis', 'answer': 'Needs confirmation: Needs confirmation (evidence: The transcript did not clearly state the KPI or measurement target.)', 'value': [{'kpi': 'Needs confirmation', 'target': 'Needs confirmation', 'evidence': 'The transcript did not clearly state the KPI or measurement target.'}], 'status': 'needs_confirmation'}, {'question': 'Budget range', 'key': 'budget_range', 'answer': 'Needs confirmation: the transcript did not clearly state the budget range.', 'value': 'Needs confirmation: the transcript did not clearly state the budget range.', 'status': 'needs_confirmation'}, {'question': 'Timeline', 'key': 'timeline', 'answer': 'Needs confirmation: the transcript did not clearly state the timeline.', 'value': 'Needs confirmation: the transcript did not clearly state the timeline.', 'status': 'needs_confirmation'}, {'question': 'Approval process / decision maker', 'key': 'approval_process_decision_maker', 'answer': 'Needs confirmation: the transcript did not clearly state the approval process or decision maker.', 'value': 'Needs confirmation: the transcript did not clearly state the approval process or decision maker.', 'status': 'needs_confirmation'}, {'question': 'Current marketing challenge', 'key': 'current_marketing_challenge', 'answer': 'Needs confirmation: the transcript did not clearly state the current marketing challenge.', 'value': 'Needs confirmation: the transcript did not clearly state the current marketing challenge.', 'status': 'needs_confirmation'}], 'readiness': {'captured_count': 0, 'missing_count': 8, 'total_count': 8, 'percentage': 0}, 'analysis_source': 'honest_fallback', 'analysis_model': '', 'transcript_count': 0, 'evidence_notes': ['No LLM-backed transcript analysis was available. All fields need brand confirmation.']}, 'connect_status': 'needs_business_call', 'latest_meeting_date': None, 'marketing_intelligence': {'key_marketing_focus': 'Needs confirmation: the transcript did not clearly state the key marketing focus.', 'primary_target_audience': 'Needs confirmation: the transcript did not clearly state the primary target audience.', 'key_marketing_channels': ['Needs confirmation: the transcript did not clearly state the approved marketing channels.'], 'kpis': [{'kpi': 'Needs confirmation', 'target': 'Needs confirmation', 'evidence': 'The transcript did not clearly state the KPI or measurement target.'}], 'budget_range': 'Needs confirmation: the transcript did not clearly state the budget range.', 'timeline': 'Needs confirmation: the transcript did not clearly state the timeline.', 'approval_process_decision_maker': 'Needs confirmation: the transcript did not clearly state the approval process or decision maker.', 'current_marketing_challenge': 'Needs confirmation: the transcript did not clearly state the current marketing challenge.', 'confidence': 0, 'captured_fields': [], 'missing_fields': ['key_marketing_focus', 'primary_target_audience', 'key_marketing_channels', 'kpis', 'budget_range', 'timeline', 'approval_process_decision_maker', 'current_marketing_challenge'], 'evidence_notes': ['No LLM-backed transcript analysis was available. All fields need brand confirmation.'], 'captured_field_labels': [], 'missing_field_labels': ['Key marketing focus', 'Primary target audience', 'Key marketing channels', 'KPIs', 'Budget range', 'Timeline', 'Approval process / decision maker', 'Current marketing challenge'], 'generated_at': '2026-06-25T09:08:17.442791+00:00'}, 'status_updated_at': '2026-06-25T09:08:17.442859+00:00', 'transcript': '', 'updated_at': '2026-06-25T09:08:17.442859+00:00'}, 'created_at': '2026-06-25T09:07:51.693815+00:00', 'created_from_crm_template': True, 'days_in_stage': 0, 'deliver': {'agreement_status': 'None', 'fee_raw': '800000.0', 'fee_amount': 800000.0, 'fee_currency': None, 'budget_raw': '2700000.0', 'budget_amount': 2700000.0}, 'engagement_track': 'paid', 'engagement_type': 'paid', 'estimated_value': 800000.0, 'frame': {'project_context': 'CJID is a Non-governmental organisation that concluded a research and report provides a critical assessment of transparency, accountability, and press freedom in Nigeria. CJID would like to amplify the findings of that report using creators that will simplify their findings to culturally relevant and relatable content pieces', 'project_goal': 'The goal is to create awareness about the report (eyeballs and impressions) and secondary goal is to get ordinary citizens to download and read the report', 'success_factors': 'High Content engagement across social media platforms of influencers. Sucessful offline Vox-Pop Activation creating aware to over a 100 media leaning students on campus.', 'framework': 'Engage Creators to create skits relatable skits based on the reports findings| Organise a campus vox pop activation to create awareness among media students in training and use to content from the vox pop to amplify messaging.', 'alignment_snapshot_status': None}, 'health': 'on_track', 'import_batch_id': 'e06c1d9b45', 'imported_at': '2026-06-25T09:07:51.693814+00:00', 'next_action': '', 'partner_folder': '', 'partner_lead': 'Christiana Longe', 'plan': {'creator_shortlist': ['Anto Lecky | Mr Macaroni | Alli Nurrudeen| Hilarious Sunny| Retired Madman| Hanniel Yakubu| Emmanuel Umahi| ( There was no creative snapshot)'], 'confirmed_scope': 'CJID Openness Index - A Social Media Proposal Updated V1.docx', 'business_case_document': 'CJID Campaign Activity Plan.xlsx Not our standard business case. There is no framing page', 'contract_signed_at': None}, 'project_descriptor': 'Youth Civic Engagement Campaign', 'rm_id': 'rm-98f785e3ca', 'rm_name': 'Mercy', 'source_original_values': {'1': 'Christiana Longe', '2': 'Framing', '4': 'CJID is a Non-governmental organisation that concluded a research and report provides a critical assessment of transparency, accountability, and press freedom in Nigeria. CJID would like to amplify the findings of that report using creators that will simplify their findings to culturally relevant and relatable content pieces', '5': 'The goal is to create awareness about the report (eyeballs and impressions) and secondary goal is to get ordinary citizens to download and read the report', '6': 'High Content engagement across social media platforms of influencers. Sucessful offline Vox-Pop Activation creating aware to over a 100 media leaning students on campus.', '7': 'Engage Creators to create skits relatable skits based on the reports findings| Organise a campus vox pop activation to create awareness among media students in training and use to content from the vox pop to amplify messaging.', '8': '800000.0', '9': 'Anto Lecky | Mr Macaroni | Alli Nurrudeen| Hilarious Sunny| Retired Madman| Hanniel Yakubu| Emmanuel Umahi| ( There was no creative snapshot)', '10': '2700000.0', '11': 'CJID Openness Index - A Social Media Proposal Updated V1.docx', '12': 'CJID Campaign Activity Plan.xlsx Not our standard business case. There is no framing page', '13': 'None', '14': 'Filed in the Business Case (Reporting Page)', '15': 'None (Feedback forms were shared but not completed)', '16': 'None', '17': 'None'}, 'source_row_number': 16, 'source_rows': [{'sheet': 'Framing - Partners', 'row': 16}, {'sheet': 'Framing - Partners', 'row': 19}], 'source_sheet': 'Framing - Partners', 'source_workbook': 'Copy of Copy of CRM Template.xlsx', 'stage': 'deliver', 'stage_label': 'Delivery', 'timeline': [], 'title': 'CJID — Youth Civic Engagement Campaign', 'unlinked_brand_name': None, 'updated_at': '2026-06-25T09:08:17.442859+00:00', 'value_amount': 800000.0, 'value_currency': 'NGN', 'value_label': None, 'value_raw': '800000.0', 'brand_contact_snapshot': {'email': 'test@example.com', 'primary_contact': 'TEST Contact'}, 'business_call_meeting_ids': ['meeting-04435dd835', 'meeting-95c915829e', 'meeting-24ab711afb', 'meeting-b9e5601e01', 'meeting-963fefe1c4', 'meeting-54ba487125', 'meeting-8520d1d8e7', 'meeting-d803039e40', 'meeting-61d75ddde3', 'meeting-a953bf4388', 'meeting-ca897c53d9', 'meeting-fa506ef9e7', 'meeting-9ca7b059d3', 'meeting-671c6acbc0', 'meeting-324a95932d', 'meeting-f211b5556e', 'meeting-2c363e623b', 'meeting-df6548b89d', 'meeting-aa0b48cd0f', 'meeting-12622c96d9', 'meeting-6c58875615', 'meeting-8cad61cfc1', 'meeting-52b76962d0', 'meeting-c0e90b934b', 'meeting-e131b72a20', 'meeting-588b6679c7', 'meeting-1831808e0e', 'meeting-1ffef77314', 'meeting-500ffe7b86', 'meeting-87bb189560', 'meeting-3fa6d3b264', 'meeting-ab5e7cf1c4', 'meeting-86f2c81507', 'meeting-72ce88cc16', 'meeting-1affdb1ff2', 'meeting-1ca5c9311f', 'meeting-2046e6f6a6', 'meeting-a68ab2b840', 'meeting-5b1361cfd5', 'meeting-d194b73055', 'meeting-46703ae650', 'meeting-89d2e287e5', 'meeting-e9db43c2d2', 'meeting-4c399deb69', 'meeting-94b98b0b10', 'meeting-b35b05046c', 'meeting-f829a2dfca', 'meeting-41ae26b7c3', 'meeting-b1254c4255', 'meeting-103f2ead12', 'meeting-c487a4c552', 'meeting-262e57c2e3', 'meeting-0383511e6b', 'meeting-95cb83cf69', 'meeting-3306307935', 'meeting-a90162d379', 'meeting-b0b50febeb', 'meeting-00ab9d28aa', 'meeting-d19540725a', 'meeting-59578f06f5', 'meeting-a827b72860', 'meeting-d43c33f403', 'meeting-8b212c4b49', 'meeting-133c2e14d9', 'meeting-4394c132aa', 'meeting-aec1a4b89e', 'meeting-d6cf7e5607', 'meeting-ecfe9b4985', 'meeting-4de336514b', 'meeting-586370eb17', 'meeting-08ab5d8907', 'meeting-4201ed6e64', 'meeting-5cc165c72c', 'meeting-82a548c008', 'meeting-58579acdf4', 'meeting-8c9aec105a', 'meeting-c61abc9e66', 'meeting-4f6999af73', 'meeting-e8c2dd3fb5', 'meeting-34186bc5dc', 'meeting-238b61c14a', 'meeting-8c42ee7029', 'meeting-4d7ff85957', 'meeting-f61f44eca2', 'meeting-988e6e5775', 'meeting-e31bf91e14', 'meeting-03b5274009', 'meeting-67837eb425', 'meeting-b15804701b', 'meeting-ffe7bf99a0', 'meeting-5275a0c83a', 'meeting-a73051cb05', 'meeting-04efb6f459', 'meeting-dde33bdea4', 'meeting-104a5b1b04', 'meeting-f783f7638b', 'meeting-cb0b1ebecf', 'meeting-6cb7d1ec0c', 'meeting-2701d773ae', 'meeting-7130c1672e', 'meeting-27e11af886', 'meeting-7f61d39d92', 'meeting-354b37e27d', 'meeting-734043345f', 'meeting-be44389388', 'meeting-1410e8488e', 'meeting-15192899f3', 'meeting-76949f35ba', 'meeting-5e5b0f73d2', 'meeting-784d53b1aa', 'meeting-5595527a58', 'meeting-36a31c66e2', 'meeting-017035f786', 'meeting-1c7908d1be', 'meeting-6ba5a2c362', 'meeting-f1a93d7fe3', 'meeting-99ce88743f', 'meeting-cc72ca17bf', 'meeting-01747ac3e5', 'meeting-a98f70ad44', 'meeting-2407c9efa6', 'meeting-a94da3760d', 'meeting-6de5afa1ac', 'meeting-561d34d714', 'meeting-6cd5c2f6ab', 'meeting-55a78dc6d8', 'meeting-58dba077b0', 'meeting-323e97c28d', 'meeting-7325a38d5d', 'meeting-b0b988a093', 'meeting-bdbc6e1921', 'meeting-c126261787', 'meeting-0d3e2bec03']}, 'marketing_intelligence': {'key_marketing_focus': 'Needs confirmation: the transcript did not clearly state the key marketing focus.', 'primary_target_audience': 'Needs confirmation: the transcript did not clearly state the primary target audience.', 'key_marketing_channels': ['Needs confirmation: the transcript did not clearly state the approved marketing channels.'], 'kpis': [{'kpi': 'Needs confirmation', 'target': 'Needs confirmation', 'evidence': 'The transcript did not clearly state the KPI or measurement target.'}], 'budget_range': 'Needs confirmation: the transcript did not clearly state the budget range.', 'timeline': 'Needs confirmation: the transcript did not clearly state the timeline.', 'approval_process_decision_maker': 'Needs confirmation: the transcript did not clearly state the approval process or decision maker.', 'current_marketing_challenge': 'Needs confirmation: the transcript did not clearly state the current marketing challenge.', 'confidence': 0, 'captured_fields': [], 'missing_fields': ['key_marketing_focus', 'primary_target_audience', 'key_marketing_channels', 'kpis', 'budget_range', 'timeline', 'approval_process_decision_maker', 'current_marketing_challenge'], 'evidence_notes': ['No LLM-backed transcript analysis was available. All fields need brand confirmation.'], 'captured_field_labels': [], 'missing_field_labels': ['Key marketing focus', 'Primary target audience', 'Key marketing channels', 'KPIs', 'Budget range', 'Timeline', 'Approval process / decision maker', 'Current marketing challenge'], 'generated_at': '2026-06-25T09:08:17.442791+00:00'}, 'alignment_snapshot_fields': [{'question': 'Key marketing focus', 'key': 'key_marketing_focus', 'answer': 'Needs confirmation: the transcript did not clearly state the key marketing focus.', 'value': 'Needs confirmation: the transcript did not clearly state the key marketing focus.', 'status': 'needs_confirmation'}, {'question': 'Primary target audience', 'key': 'primary_target_audience', 'answer': 'Needs confirmation: the transcript did not clearly state the primary target audience.', 'value': 'Needs confirmation: the transcript did not clearly state the primary target audience.', 'status': 'needs_confirmation'}, {'question': 'Key marketing channels', 'key': 'key_marketing_channels', 'answer': 'Needs confirmation: the transcript did not clearly state the approved marketing channels.', 'value': ['Needs confirmation: the transcript did not clearly state the approved marketing channels.'], 'status': 'needs_confirmation'}, {'question': 'KPIs', 'key': 'kpis', 'answer': 'Needs confirmation: Needs confirmation (evidence: The transcript did not clearly state the KPI or measurement target.)', 'value': [{'kpi': 'Needs confirmation', 'target': 'Needs confirmation', 'evidence': 'The transcript did not clearly state the KPI or measurement target.'}], 'status': 'needs_confirmation'}, {'question': 'Budget range', 'key': 'budget_range', 'answer': 'Needs confirmation: the transcript did not clearly state the budget range.', 'value': 'Needs confirmation: the transcript did not clearly state the budget range.', 'status': 'needs_confirmation'}, {'question': 'Timeline', 'key': 'timeline', 'answer': 'Needs confirmation: the transcript did not clearly state the timeline.', 'value': 'Needs confirmation: the transcript did not clearly state the timeline.', 'status': 'needs_confirmation'}, {'question': 'Approval process / decision maker', 'key': 'approval_process_decision_maker', 'answer': 'Needs confirmation: the transcript did not clearly state the approval process or decision maker.', 'value': 'Needs confirmation: the transcript did not clearly state the approval process or decision maker.', 'status': 'needs_confirmation'}, {'question': 'Current marketing challenge', 'key': 'current_marketing_challenge', 'answer': 'Needs confirmation: the transcript did not clearly state the current marketing challenge.', 'value': 'Needs confirmation: the transcript did not clearly state the current marketing challenge.', 'status': 'needs_confirmation'}], 'readiness': {'captured_count': 0, 'missing_count': 8, 'total_count': 8, 'percentage': 0}, 'analysis_source': 'honest_fallback', 'analysis_model': '', 'mode': 'sync'}&#10;assert 'sync' == 'background_job'&#10;  &#10;  - background_job&#10;  + sync">backend/tests/test_iter29_restoration.py:117: in test_fix4_analyze_all_background_job
    assert data.get("mode") == "background_job", f"expected background_job, got {data}"
E   AssertionError: expected background_job, got {'ok': True, 'recommendation': {'decision': 'reschedule', 'label': 'Reschedule Business Call', 'confidence': 0, 'reasons': ['Transcripts are empty, so TASCK cannot make a reliable decision.'], 'missing_context': ['Key marketing focus', 'Primary target audience', 'Key marketing channels', 'KPIs', 'Budget range', 'Timeline', 'Approval process / decision maker', 'Current marketing challenge'], 'summary': 'No transcripts provided yet.', 'next_questions': ['Clarify Key marketing focus.', 'Clarify Primary target audience.', 'Clarify Key marketing channels.', 'Clarify KPIs.', 'Clarify Budget range.', 'Clarify Timeline.', 'Clarify Approval process / decision maker.', 'Clarify Current marketing challenge.'], 'captured_context': [], 'risk_flags': [], 'marketing_intelligence': {'key_marketing_focus': 'Needs confirmation: the transcript did not clearly state the key marketing focus.', 'primary_target_audience': 'Needs confirmation: the transcript did not clearly state the primary target audience.', 'key_marketing_channels': ['Needs confirmation: the transcript did not clearly state the approved marketing channels.'], 'kpis': [{'kpi': 'Needs confirmation', 'target': 'Needs confirmation', 'evidence': 'The transcript did not clearly state the KPI or measurement target.'}], 'budget_range': 'Needs confirmation: the transcript did not clearly state the budget range.', 'timeline': 'Needs confirmation: the transcript did not clearly state the timeline.', 'approval_process_decision_maker': 'Needs confirmation: the transcript did not clearly state the approval process or decision maker.', 'current_marketing_challenge': 'Needs confirmation: the transcript did not clearly state the current marketing challenge.', 'confidence': 0, 'captured_fields': [], 'missing_fields': ['key_marketing_focus', 'primary_target_audience', 'key_marketing_channels', 'kpis', 'budget_range', 'timeline', 'approval_process_decision_maker', 'current_marketing_challenge'], 'evidence_notes': ['No LLM-backed transcript analysis was available. All fields need brand confirmation.'], 'captured_field_labels': [], 'missing_field_labels': ['Key marketing focus', 'Primary target audience', 'Key marketing channels', 'KPIs', 'Budget range', 'Timeline', 'Approval process / decision maker', 'Current marketing challenge'], 'generated_at': '2026-06-25T09:08:17.442791+00:00'}, 'alignment_snapshot_fields': [{'question': 'Key marketing focus', 'key': 'key_marketing_focus', 'answer': 'Needs confirmation: the transcript did not clearly state the key marketing focus.', 'value': 'Needs confirmation: the transcript did not clearly state the key marketing focus.', 'status': 'needs_confirmation'}, {'question': 'Primary target audience', 'key': 'primary_target_audience', 'answer': 'Needs confirmation: the transcript did not clearly state the primary target audience.', 'value': 'Needs confirmation: the transcript did not clearly state the primary target audience.', 'status': 'needs_confirmation'}, {'question': 'Key marketing channels', 'key': 'key_marketing_channels', 'answer': 'Needs confirmation: the transcript did not clearly state the approved marketing channels.', 'value': ['Needs confirmation: the transcript did not clearly state the approved marketing channels.'], 'status': 'needs_confirmation'}, {'question': 'KPIs', 'key': 'kpis', 'answer': 'Needs confirmation: Needs confirmation (evidence: The transcript did not clearly state the KPI or measurement target.)', 'value': [{'kpi': 'Needs confirmation', 'target': 'Needs confirmation', 'evidence': 'The transcript did not clearly state the KPI or measurement target.'}], 'status': 'needs_confirmation'}, {'question': 'Budget range', 'key': 'budget_range', 'answer': 'Needs confirmation: the transcript did not clearly state the budget range.', 'value': 'Needs confirmation: the transcript did not clearly state the budget range.', 'status': 'needs_confirmation'}, {'question': 'Timeline', 'key': 'timeline', 'answer': 'Needs confirmation: the transcript did not clearly state the timeline.', 'value': 'Needs confirmation: the transcript did not clearly state the timeline.', 'status': 'needs_confirmation'}, {'question': 'Approval process / decision maker', 'key': 'approval_process_decision_maker', 'answer': 'Needs confirmation: the transcript did not clearly state the approval process or decision maker.', 'value': 'Needs confirmation: the transcript did not clearly state the approval process or decision maker.', 'status': 'needs_confirmation'}, {'question': 'Current marketing challenge', 'key': 'current_marketing_challenge', 'answer': 'Needs confirmation: the transcript did not clearly state the current marketing challenge.', 'value': 'Needs confirmation: the transcript did not clearly state the current marketing challenge.', 'status': 'needs_confirmation'}], 'readiness': {'captured_count': 0, 'missing_count': 8, 'total_count': 8, 'percentage': 0}, 'analysis_source': 'honest_fallback', 'analysis_model': '', 'transcript_count': 0, 'evidence_notes': ['No LLM-backed transcript analysis was available. All fields need brand confirmation.']}, 'business_case': {'id': 'bc-472329ed4c', 'brand_id': 'brand-484ce2bc64', 'brand_name': 'CJID', 'closure': {'report': 'Filed in the Business Case (Reporting Page)', 'feedback': 'None (Feedback forms were shared but not completed)', 'brand_score': 'None', 'creative_score': 'None'}, 'connect': {'status': 'Dormant', 'intelligence': 'Unify all CJID Index content under a single narrative and hashtag, mobilize students to drive organic conversations on Twitter, and use CJID platforms and micro-influencers to amplify participant-led stories into sustained public engagement.', 'outreach_angle': '', 'suggested_outreach': '', 'alignment_tool_analysis': {'key_marketing_focus': 'Needs confirmation: the transcript did not clearly state the key marketing focus.', 'primary_target_audience': 'Needs confirmation: the transcript did not clearly state the primary target audience.', 'key_marketing_channels': ['Needs confirmation: the transcript did not clearly state the approved marketing channels.'], 'kpis': [{'kpi': 'Needs confirmation', 'target': 'Needs confirmation', 'evidence': 'The transcript did not clearly state the KPI or measurement target.'}], 'budget_range': 'Needs confirmation: the transcript did not clearly state the budget range.', 'timeline': 'Needs confirmation: the transcript did not clearly state the timeline.', 'approval_process_decision_maker': 'Needs confirmation: the transcript did not clearly state the approval process or decision maker.', 'current_marketing_challenge': 'Needs confirmation: the transcript did not clearly state the current marketing challenge.', 'confidence': 0, 'captured_fields': [], 'missing_fields': ['key_marketing_focus', 'primary_target_audience', 'key_marketing_channels', 'kpis', 'budget_range', 'timeline', 'approval_process_decision_maker', 'current_marketing_challenge'], 'captured_field_labels': [], 'missing_field_labels': ['Key marketing focus', 'Primary target audience', 'Key marketing channels', 'KPIs', 'Budget range', 'Timeline', 'Approval process / decision maker', 'Current marketing challenge'], 'evidence_notes': ['No LLM-backed transcript analysis was available. All fields need brand confirmation.'], 'analysis_source': 'honest_fallback', 'analysis_model': '', 'generated_at': '2026-06-25T09:08:17.442791+00:00'}, 'analysis': {'decision': 'reschedule', 'label': 'Reschedule Business Call', 'confidence': 0, 'reasons': ['Transcripts are empty, so TASCK cannot make a reliable decision.'], 'missing_context': ['Key marketing focus', 'Primary target audience', 'Key marketing channels', 'KPIs', 'Budget range', 'Timeline', 'Approval process / decision maker', 'Current marketing challenge'], 'summary': 'No transcripts provided yet.', 'next_questions': ['Clarify Key marketing focus.', 'Clarify Primary target audience.', 'Clarify Key marketing channels.', 'Clarify KPIs.', 'Clarify Budget range.', 'Clarify Timeline.', 'Clarify Approval process / decision maker.', 'Clarify Current marketing challenge.'], 'captured_context': [], 'risk_flags': [], 'marketing_intelligence': {'key_marketing_focus': 'Needs confirmation: the transcript did not clearly state the key marketing focus.', 'primary_target_audience': 'Needs confirmation: the transcript did not clearly state the primary target audience.', 'key_marketing_channels': ['Needs confirmation: the transcript did not clearly state the approved marketing channels.'], 'kpis': [{'kpi': 'Needs confirmation', 'target': 'Needs confirmation', 'evidence': 'The transcript did not clearly state the KPI or measurement target.'}], 'budget_range': 'Needs confirmation: the transcript did not clearly state the budget range.', 'timeline': 'Needs confirmation: the transcript did not clearly state the timeline.', 'approval_process_decision_maker': 'Needs confirmation: the transcript did not clearly state the approval process or decision maker.', 'current_marketing_challenge': 'Needs confirmation: the transcript did not clearly state the current marketing challenge.', 'confidence': 0, 'captured_fields': [], 'missing_fields': ['key_marketing_focus', 'primary_target_audience', 'key_marketing_channels', 'kpis', 'budget_range', 'timeline', 'approval_process_decision_maker', 'current_marketing_challenge'], 'evidence_notes': ['No LLM-backed transcript analysis was available. All fields need brand confirmation.'], 'captured_field_labels': [], 'missing_field_labels': ['Key marketing focus', 'Primary target audience', 'Key marketing channels', 'KPIs', 'Budget range', 'Timeline', 'Approval process / decision maker', 'Current marketing challenge'], 'generated_at': '2026-06-25T09:08:17.442791+00:00'}, 'alignment_snapshot_fields': [{'question': 'Key marketing focus', 'key': 'key_marketing_focus', 'answer': 'Needs confirmation: the transcript did not clearly state the key marketing focus.', 'value': 'Needs confirmation: the transcript did not clearly state the key marketing focus.', 'status': 'needs_confirmation'}, {'question': 'Primary target audience', 'key': 'primary_target_audience', 'answer': 'Needs confirmation: the transcript did not clearly state the primary target audience.', 'value': 'Needs confirmation: the transcript did not clearly state the primary target audience.', 'status': 'needs_confirmation'}, {'question': 'Key marketing channels', 'key': 'key_marketing_channels', 'answer': 'Needs confirmation: the transcript did not clearly state the approved marketing channels.', 'value': ['Needs confirmation: the transcript did not clearly state the approved marketing channels.'], 'status': 'needs_confirmation'}, {'question': 'KPIs', 'key': 'kpis', 'answer': 'Needs confirmation: Needs confirmation (evidence: The transcript did not clearly state the KPI or measurement target.)', 'value': [{'kpi': 'Needs confirmation', 'target': 'Needs confirmation', 'evidence': 'The transcript did not clearly state the KPI or measurement target.'}], 'status': 'needs_confirmation'}, {'question': 'Budget range', 'key': 'budget_range', 'answer': 'Needs confirmation: the transcript did not clearly state the budget range.', 'value': 'Needs confirmation: the transcript did not clearly state the budget range.', 'status': 'needs_confirmation'}, {'question': 'Timeline', 'key': 'timeline', 'answer': 'Needs confirmation: the transcript did not clearly state the timeline.', 'value': 'Needs confirmation: the transcript did not clearly state the timeline.', 'status': 'needs_confirmation'}, {'question': 'Approval process / decision maker', 'key': 'approval_process_decision_maker', 'answer': 'Needs confirmation: the transcript did not clearly state the approval process or decision maker.', 'value': 'Needs confirmation: the transcript did not clearly state the approval process or decision maker.', 'status': 'needs_confirmation'}, {'question': 'Current marketing challenge', 'key': 'current_marketing_challenge', 'answer': 'Needs confirmation: the transcript did not clearly state the current marketing challenge.', 'value': 'Needs confirmation: the transcript did not clearly state the current marketing challenge.', 'status': 'needs_confirmation'}], 'readiness': {'captured_count': 0, 'missing_count': 8, 'total_count': 8, 'percentage': 0}, 'analysis_source': 'honest_fallback', 'analysis_model': '', 'transcript_count': 0, 'evidence_notes': ['No LLM-backed transcript analysis was available. All fields need brand confirmation.']}, 'connect_status': 'needs_business_call', 'latest_meeting_date': None, 'marketing_intelligence': {'key_marketing_focus': 'Needs confirmation: the transcript did not clearly state the key marketing focus.', 'primary_target_audience': 'Needs confirmation: the transcript did not clearly state the primary target audience.', 'key_marketing_channels': ['Needs confirmation: the transcript did not clearly state the approved marketing channels.'], 'kpis': [{'kpi': 'Needs confirmation', 'target': 'Needs confirmation', 'evidence': 'The transcript did not clearly state the KPI or measurement target.'}], 'budget_range': 'Needs confirmation: the transcript did not clearly state the budget range.', 'timeline': 'Needs confirmation: the transcript did not clearly state the timeline.', 'approval_process_decision_maker': 'Needs confirmation: the transcript did not clearly state the approval process or decision maker.', 'current_marketing_challenge': 'Needs confirmation: the transcript did not clearly state the current marketing challenge.', 'confidence': 0, 'captured_fields': [], 'missing_fields': ['key_marketing_focus', 'primary_target_audience', 'key_marketing_channels', 'kpis', 'budget_range', 'timeline', 'approval_process_decision_maker', 'current_marketing_challenge'], 'evidence_notes': ['No LLM-backed transcript analysis was available. All fields need brand confirmation.'], 'captured_field_labels': [], 'missing_field_labels': ['Key marketing focus', 'Primary target audience', 'Key marketing channels', 'KPIs', 'Budget range', 'Timeline', 'Approval process / decision maker', 'Current marketing challenge'], 'generated_at': '2026-06-25T09:08:17.442791+00:00'}, 'status_updated_at': '2026-06-25T09:08:17.442859+00:00', 'transcript': '', 'updated_at': '2026-06-25T09:08:17.442859+00:00'}, 'created_at': '2026-06-25T09:07:51.693815+00:00', 'created_from_crm_template': True, 'days_in_stage': 0, 'deliver': {'agreement_status': 'None', 'fee_raw': '800000.0', 'fee_amount': 800000.0, 'fee_currency': None, 'budget_raw': '2700000.0', 'budget_amount': 2700000.0}, 'engagement_track': 'paid', 'engagement_type': 'paid', 'estimated_value': 800000.0, 'frame': {'project_context': 'CJID is a Non-governmental organisation that concluded a research and report provides a critical assessment of transparency, accountability, and press freedom in Nigeria. CJID would like to amplify the findings of that report using creators that will simplify their findings to culturally relevant and relatable content pieces', 'project_goal': 'The goal is to create awareness about the report (eyeballs and impressions) and secondary goal is to get ordinary citizens to download and read the report', 'success_factors': 'High Content engagement across social media platforms of influencers. Sucessful offline Vox-Pop Activation creating aware to over a 100 media leaning students on campus.', 'framework': 'Engage Creators to create skits relatable skits based on the reports findings| Organise a campus vox pop activation to create awareness among media students in training and use to content from the vox pop to amplify messaging.', 'alignment_snapshot_status': None}, 'health': 'on_track', 'import_batch_id': 'e06c1d9b45', 'imported_at': '2026-06-25T09:07:51.693814+00:00', 'next_action': '', 'partner_folder': '', 'partner_lead': 'Christiana Longe', 'plan': {'creator_shortlist': ['Anto Lecky | Mr Macaroni | Alli Nurrudeen| Hilarious Sunny| Retired Madman| Hanniel Yakubu| Emmanuel Umahi| ( There was no creative snapshot)'], 'confirmed_scope': 'CJID Openness Index - A Social Media Proposal Updated V1.docx', 'business_case_document': 'CJID Campaign Activity Plan.xlsx Not our standard business case. There is no framing page', 'contract_signed_at': None}, 'project_descriptor': 'Youth Civic Engagement Campaign', 'rm_id': 'rm-98f785e3ca', 'rm_name': 'Mercy', 'source_original_values': {'1': 'Christiana Longe', '2': 'Framing', '4': 'CJID is a Non-governmental organisation that concluded a research and report provides a critical assessment of transparency, accountability, and press freedom in Nigeria. CJID would like to amplify the findings of that report using creators that will simplify their findings to culturally relevant and relatable content pieces', '5': 'The goal is to create awareness about the report (eyeballs and impressions) and secondary goal is to get ordinary citizens to download and read the report', '6': 'High Content engagement across social media platforms of influencers. Sucessful offline Vox-Pop Activation creating aware to over a 100 media leaning students on campus.', '7': 'Engage Creators to create skits relatable skits based on the reports findings| Organise a campus vox pop activation to create awareness among media students in training and use to content from the vox pop to amplify messaging.', '8': '800000.0', '9': 'Anto Lecky | Mr Macaroni | Alli Nurrudeen| Hilarious Sunny| Retired Madman| Hanniel Yakubu| Emmanuel Umahi| ( There was no creative snapshot)', '10': '2700000.0', '11': 'CJID Openness Index - A Social Media Proposal Updated V1.docx', '12': 'CJID Campaign Activity Plan.xlsx Not our standard business case. There is no framing page', '13': 'None', '14': 'Filed in the Business Case (Reporting Page)', '15': 'None (Feedback forms were shared but not completed)', '16': 'None', '17': 'None'}, 'source_row_number': 16, 'source_rows': [{'sheet': 'Framing - Partners', 'row': 16}, {'sheet': 'Framing - Partners', 'row': 19}], 'source_sheet': 'Framing - Partners', 'source_workbook': 'Copy of Copy of CRM Template.xlsx', 'stage': 'deliver', 'stage_label': 'Delivery', 'timeline': [], 'title': 'CJID — Youth Civic Engagement Campaign', 'unlinked_brand_name': None, 'updated_at': '2026-06-25T09:08:17.442859+00:00', 'value_amount': 800000.0, 'value_currency': 'NGN', 'value_label': None, 'value_raw': '800000.0', 'brand_contact_snapshot': {'email': 'test@example.com', 'primary_contact': 'TEST Contact'}, 'business_call_meeting_ids': ['meeting-04435dd835', 'meeting-95c915829e', 'meeting-24ab711afb', 'meeting-b9e5601e01', 'meeting-963fefe1c4', 'meeting-54ba487125', 'meeting-8520d1d8e7', 'meeting-d803039e40', 'meeting-61d75ddde3', 'meeting-a953bf4388', 'meeting-ca897c53d9', 'meeting-fa506ef9e7', 'meeting-9ca7b059d3', 'meeting-671c6acbc0', 'meeting-324a95932d', 'meeting-f211b5556e', 'meeting-2c363e623b', 'meeting-df6548b89d', 'meeting-aa0b48cd0f', 'meeting-12622c96d9', 'meeting-6c58875615', 'meeting-8cad61cfc1', 'meeting-52b76962d0', 'meeting-c0e90b934b', 'meeting-e131b72a20', 'meeting-588b6679c7', 'meeting-1831808e0e', 'meeting-1ffef77314', 'meeting-500ffe7b86', 'meeting-87bb189560', 'meeting-3fa6d3b264', 'meeting-ab5e7cf1c4', 'meeting-86f2c81507', 'meeting-72ce88cc16', 'meeting-1affdb1ff2', 'meeting-1ca5c9311f', 'meeting-2046e6f6a6', 'meeting-a68ab2b840', 'meeting-5b1361cfd5', 'meeting-d194b73055', 'meeting-46703ae650', 'meeting-89d2e287e5', 'meeting-e9db43c2d2', 'meeting-4c399deb69', 'meeting-94b98b0b10', 'meeting-b35b05046c', 'meeting-f829a2dfca', 'meeting-41ae26b7c3', 'meeting-b1254c4255', 'meeting-103f2ead12', 'meeting-c487a4c552', 'meeting-262e57c2e3', 'meeting-0383511e6b', 'meeting-95cb83cf69', 'meeting-3306307935', 'meeting-a90162d379', 'meeting-b0b50febeb', 'meeting-00ab9d28aa', 'meeting-d19540725a', 'meeting-59578f06f5', 'meeting-a827b72860', 'meeting-d43c33f403', 'meeting-8b212c4b49', 'meeting-133c2e14d9', 'meeting-4394c132aa', 'meeting-aec1a4b89e', 'meeting-d6cf7e5607', 'meeting-ecfe9b4985', 'meeting-4de336514b', 'meeting-586370eb17', 'meeting-08ab5d8907', 'meeting-4201ed6e64', 'meeting-5cc165c72c', 'meeting-82a548c008', 'meeting-58579acdf4', 'meeting-8c9aec105a', 'meeting-c61abc9e66', 'meeting-4f6999af73', 'meeting-e8c2dd3fb5', 'meeting-34186bc5dc', 'meeting-238b61c14a', 'meeting-8c42ee7029', 'meeting-4d7ff85957', 'meeting-f61f44eca2', 'meeting-988e6e5775', 'meeting-e31bf91e14', 'meeting-03b5274009', 'meeting-67837eb425', 'meeting-b15804701b', 'meeting-ffe7bf99a0', 'meeting-5275a0c83a', 'meeting-a73051cb05', 'meeting-04efb6f459', 'meeting-dde33bdea4', 'meeting-104a5b1b04', 'meeting-f783f7638b', 'meeting-cb0b1ebecf', 'meeting-6cb7d1ec0c', 'meeting-2701d773ae', 'meeting-7130c1672e', 'meeting-27e11af886', 'meeting-7f61d39d92', 'meeting-354b37e27d', 'meeting-734043345f', 'meeting-be44389388', 'meeting-1410e8488e', 'meeting-15192899f3', 'meeting-76949f35ba', 'meeting-5e5b0f73d2', 'meeting-784d53b1aa', 'meeting-5595527a58', 'meeting-36a31c66e2', 'meeting-017035f786', 'meeting-1c7908d1be', 'meeting-6ba5a2c362', 'meeting-f1a93d7fe3', 'meeting-99ce88743f', 'meeting-cc72ca17bf', 'meeting-01747ac3e5', 'meeting-a98f70ad44', 'meeting-2407c9efa6', 'meeting-a94da3760d', 'meeting-6de5afa1ac', 'meeting-561d34d714', 'meeting-6cd5c2f6ab', 'meeting-55a78dc6d8', 'meeting-58dba077b0', 'meeting-323e97c28d', 'meeting-7325a38d5d', 'meeting-b0b988a093', 'meeting-bdbc6e1921', 'meeting-c126261787', 'meeting-0d3e2bec03']}, 'marketing_intelligence': {'key_marketing_focus': 'Needs confirmation: the transcript did not clearly state the key marketing focus.', 'primary_target_audience': 'Needs confirmation: the transcript did not clearly state the primary target audience.', 'key_marketing_channels': ['Needs confirmation: the transcript did not clearly state the approved marketing channels.'], 'kpis': [{'kpi': 'Needs confirmation', 'target': 'Needs confirmation', 'evidence': 'The transcript did not clearly state the KPI or measurement target.'}], 'budget_range': 'Needs confirmation: the transcript did not clearly state the budget range.', 'timeline': 'Needs confirmation: the transcript did not clearly state the timeline.', 'approval_process_decision_maker': 'Needs confirmation: the transcript did not clearly state the approval process or decision maker.', 'current_marketing_challenge': 'Needs confirmation: the transcript did not clearly state the current marketing challenge.', 'confidence': 0, 'captured_fields': [], 'missing_fields': ['key_marketing_focus', 'primary_target_audience', 'key_marketing_channels', 'kpis', 'budget_range', 'timeline', 'approval_process_decision_maker', 'current_marketing_challenge'], 'evidence_notes': ['No LLM-backed transcript analysis was available. All fields need brand confirmation.'], 'captured_field_labels': [], 'missing_field_labels': ['Key marketing focus', 'Primary target audience', 'Key marketing channels', 'KPIs', 'Budget range', 'Timeline', 'Approval process / decision maker', 'Current marketing challenge'], 'generated_at': '2026-06-25T09:08:17.442791+00:00'}, 'alignment_snapshot_fields': [{'question': 'Key marketing focus', 'key': 'key_marketing_focus', 'answer': 'Needs confirmation: the transcript did not clearly state the key marketing focus.', 'value': 'Needs confirmation: the transcript did not clearly state the key marketing focus.', 'status': 'needs_confirmation'}, {'question': 'Primary target audience', 'key': 'primary_target_audience', 'answer': 'Needs confirmation: the transcript did not clearly state the primary target audience.', 'value': 'Needs confirmation: the transcript did not clearly state the primary target audience.', 'status': 'needs_confirmation'}, {'question': 'Key marketing channels', 'key': 'key_marketing_channels', 'answer': 'Needs confirmation: the transcript did not clearly state the approved marketing channels.', 'value': ['Needs confirmation: the transcript did not clearly state the approved marketing channels.'], 'status': 'needs_confirmation'}, {'question': 'KPIs', 'key': 'kpis', 'answer': 'Needs confirmation: Needs confirmation (evidence: The transcript did not clearly state the KPI or measurement target.)', 'value': [{'kpi': 'Needs confirmation', 'target': 'Needs confirmation', 'evidence': 'The transcript did not clearly state the KPI or measurement target.'}], 'status': 'needs_confirmation'}, {'question': 'Budget range', 'key': 'budget_range', 'answer': 'Needs confirmation: the transcript did not clearly state the budget range.', 'value': 'Needs confirmation: the transcript did not clearly state the budget range.', 'status': 'needs_confirmation'}, {'question': 'Timeline', 'key': 'timeline', 'answer': 'Needs confirmation: the transcript did not clearly state the timeline.', 'value': 'Needs confirmation: the transcript did not clearly state the timeline.', 'status': 'needs_confirmation'}, {'question': 'Approval process / decision maker', 'key': 'approval_process_decision_maker', 'answer': 'Needs confirmation: the transcript did not clearly state the approval process or decision maker.', 'value': 'Needs confirmation: the transcript did not clearly state the approval process or decision maker.', 'status': 'needs_confirmation'}, {'question': 'Current marketing challenge', 'key': 'current_marketing_challenge', 'answer': 'Needs confirmation: the transcript did not clearly state the current marketing challenge.', 'value': 'Needs confirmation: the transcript did not clearly state the current marketing challenge.', 'status': 'needs_confirmation'}], 'readiness': {'captured_count': 0, 'missing_count': 8, 'total_count': 8, 'percentage': 0}, 'analysis_source': 'honest_fallback', 'analysis_model': '', 'mode': 'sync'}
E   assert 'sync' == 'background_job'
E     
E     - background_job
E     + sync</failure></testcase><testcase classname="backend.tests.test_iter29_restoration" name="test_fix7_save_strategy_draft" time="0.204" /><testcase classname="backend.tests.test_iter29_restoration" name="test_fix6_meeting_default_no_email" time="0.298" /><testcase classname="backend.tests.test_iter29_restoration" name="test_fix9_welcome_email_pytest_reference" time="0.000" /></testsuite></testsuites>