<?xml version="1.0" encoding="utf-8"?><testsuites name="pytest tests"><testsuite name="pytest" errors="0" failures="0" skipped="1" tests="10" time="6.185" timestamp="2026-08-21T16:37:07.727106+00:00" hostname="agent-env-ccc17138-ffca-488c-aece-517ac1a5920a"><testcase classname="backend.tests.test_v3_duplicates_messages_analytics.TestDuplicateFlagger" name="test_count_endpoint" time="0.362" /><testcase classname="backend.tests.test_v3_duplicates_messages_analytics.TestDuplicateFlagger" name="test_list_endpoint_shape" time="0.159" /><testcase classname="backend.tests.test_v3_duplicates_messages_analytics.TestDuplicateFlagger" name="test_dismiss_reduces_count" time="0.589" /><testcase classname="backend.tests.test_v3_duplicates_messages_analytics.TestDuplicateFlagger" name="test_merge_moves_source_out_of_list" time="1.068" /><testcase classname="backend.tests.test_v3_duplicates_messages_analytics.TestUnreadMessages" name="test_unread_count_endpoint" time="0.175" /><testcase classname="backend.tests.test_v3_duplicates_messages_analytics.TestUnreadMessages" name="test_new_brand_message_increments_and_mark_read_clears" time="0.633"><skipped type="pytest.skip" message="interactions endpoint rejected brand_message: 422 {&quot;detail&quot;:[{&quot;type&quot;:&quot;missing&quot;,&quot;loc&quot;:[&quot;body&quot;,&quot;title&quot;],&quot;msg&quot;:&quot;Field required&quot;,&quot;input&quot;:{&quot;type&quot;:&quot;brand_message&quot;,&quot;brand_id&quot;:&quot;brand-testbrand&quot;,&quot;content&quot;:&quot;TEST_unread_probe_375770&quot;},&quot;url&quot;:&quot;https://errors.pyda">/app/backend/tests/test_v3_duplicates_messages_analytics.py:153: interactions endpoint rejected brand_message: 422 {"detail":[{"type":"missing","loc":["body","title"],"msg":"Field required","input":{"type":"brand_message","brand_id":"brand-testbrand","content":"TEST_unread_probe_375770"},"url":"https://errors.pyda</skipped></testcase><testcase classname="backend.tests.test_v3_duplicates_messages_analytics.TestDeckAnalytics" name="test_view_turn_and_get" time="1.548" /><testcase classname="backend.tests.test_v3_duplicates_messages_analytics.TestDeckAnalytics" name="test_turn_without_prior_view_seeds_row" time="0.585" /><testcase classname="backend.tests.test_v3_duplicates_messages_analytics.TestFlipbookTracker" name="test_flipbook_contains_tracker" time="0.482" /><testcase classname="backend.tests.test_v3_duplicates_messages_analytics.TestFlipbookTracker" name="test_flipbook_download_mode_skips_analytics_base" time="0.507" /></testsuite></testsuites>