<?xml version="1.0" encoding="utf-8"?><testsuites name="pytest tests"><testsuite name="pytest" errors="0" failures="0" skipped="0" tests="11" time="2.918" timestamp="2026-06-10T13:08:59.277472+00:00" hostname="agent-env-ccc17138-ffca-488c-aece-517ac1a5920a"><testcase classname="tests.test_v3_iter18_meetings" name="test_meetings_list_returns_13" time="1.471" /><testcase classname="tests.test_v3_iter18_meetings" name="test_meeting_detail_hydrated" time="0.326" /><testcase classname="tests.test_v3_iter18_meetings" name="test_meeting_detail_404_for_bogus_id" time="0.048" /><testcase classname="tests.test_v3_iter18_meetings" name="test_create_qualification_meeting_has_10_questions" time="0.150" /><testcase classname="tests.test_v3_iter18_meetings" name="test_create_connector_meeting_has_8_questions" time="0.105" /><testcase classname="tests.test_v3_iter18_meetings" name="test_patch_contact_updates_completeness" time="0.176" /><testcase classname="tests.test_v3_iter18_meetings" name="test_transcript_and_analyze" time="0.189" /><testcase classname="tests.test_v3_iter18_meetings" name="test_regenerate_questions" time="0.050" /><testcase classname="tests.test_v3_iter18_meetings" name="test_qualification_accept_reschedule_delete" time="0.236" /><testcase classname="tests.test_v3_iter18_meetings" name="test_creator_mi_hydrated" time="0.051" /><testcase classname="tests.test_v3_iter18_meetings" name="test_creator_unknown_returns_404" time="0.051" /></testsuite></testsuites>