<?xml version="1.0" encoding="utf-8"?><testsuites name="pytest tests"><testsuite name="pytest" errors="0" failures="2" skipped="0" tests="36" time="228.880" timestamp="2026-06-25T09:03:04.879304+00:00" hostname="agent-env-ccc17138-ffca-488c-aece-517ac1a5920a"><testcase classname="backend.tests.test_create_meeting_no_auto_email" name="test_default_create_meeting_does_not_fire_invite_email" time="0.030" /><testcase classname="backend.tests.test_create_meeting_no_auto_email" name="test_explicit_send_invite_email_does_fire" time="2.516" /><testcase classname="backend.tests.test_create_meeting_no_auto_email" name="test_four_transcript_save_loop_simulates_zero_invite_emails" time="0.041" /><testcase classname="backend.tests.test_create_meeting_no_auto_email" name="test_transcript_upload_does_not_send_email" time="0.019" /><testcase classname="backend.tests.test_welcome_email" name="test_welcome_email_single_and_has_html_body" time="3.168" /><testcase classname="backend.tests.test_welcome_email" name="test_welcome_email_idempotent_on_duplicate_create" time="1.398" /><testcase classname="backend.tests.test_analyze_all_background_job" name="test_empty_transcripts_returns_sync_reschedule" time="0.015" /><testcase classname="backend.tests.test_analyze_all_background_job" name="test_single_short_transcript_runs_sync" time="11.927" /><testcase classname="backend.tests.test_analyze_all_background_job" name="test_multiple_transcripts_create_background_job_and_complete" time="45.100" /><testcase classname="backend.tests.test_analyze_all_background_job" name="test_unknown_job_returns_404" time="0.010" /><testcase classname="backend.tests.test_strategy_draft_persistence" name="test_save_strategy_draft_persists_9_canonical_sections" time="0.004" /><testcase classname="backend.tests.test_strategy_draft_persistence" name="test_reload_via_business_case_bundle_returns_saved_draft" time="0.008" /><testcase classname="backend.tests.test_strategy_draft_persistence" name="test_resaving_overwrites_previous_values" time="0.010" /><testcase classname="backend.tests.test_strategy_draft_persistence" name="test_unknown_business_case_id_returns_404" time="0.002" /><testcase classname="backend.tests.test_strategy_draft_persistence" name="test_missing_headings_default_to_empty_string" time="0.003" /><testcase classname="backend.tests.test_add_transcript_does_not_email" name="test_move_to_business_call_does_not_send_email" time="0.022" /><testcase classname="backend.tests.test_kpi_merge_clean" name="test_merge_per_transcript_bundles_returns_dict_kpis_not_strings" time="0.179" /><testcase classname="backend.tests.test_kpi_merge_clean" name="test_kpis_to_text_handles_stringified_python_repr" time="0.000" /><testcase classname="backend.tests.test_connect_transcript_persistence.TestConnectTranscriptPersistence" name="test_01_seed_business_case_exists" time="0.327" /><testcase classname="backend.tests.test_connect_transcript_persistence.TestConnectTranscriptPersistence" name="test_02_create_four_meetings_and_upload_transcripts" time="0.393" /><testcase classname="backend.tests.test_connect_transcript_persistence.TestConnectTranscriptPersistence" name="test_03_list_returns_all_four_with_transcripts" time="0.044" /><testcase classname="backend.tests.test_connect_transcript_persistence.TestConnectTranscriptPersistence" name="test_04_dedupe_by_id_on_repeated_fetch" time="0.108" /><testcase classname="backend.tests.test_connect_transcript_persistence.TestConnectTranscriptPersistence" name="test_05_analyze_all_sees_four_transcripts_and_returns_200" time="48.466" /><testcase classname="backend.tests.test_connect_transcript_persistence.TestConnectTranscriptPersistence" name="test_06_append_fifth_transcript_does_not_replace_existing" time="0.195" /><testcase classname="backend.tests.test_connect_transcript_persistence.TestConnectTranscriptPersistence" name="test_07_analyze_all_after_append_sees_five" time="48.509" /><testcase classname="backend.tests.test_connect_transcript_persistence.TestConnectTranscriptPersistence" name="test_08_alignment_model_env_is_claude_sonnet_4_5" time="0.000" /><testcase classname="backend.tests.test_connect_transcript_persistence.TestConnectTranscriptPersistence" name="test_09_backend_logs_show_transcript_count_5" time="0.013" /><testcase classname="backend.tests.test_connect_transcript_persistence.TestConnectTranscriptPersistence" name="test_10_cleanup_test_meetings" time="0.233" /><testcase classname="backend.tests.test_v33_alignment_overhaul" name="test_business_case_get_regression" time="0.206" /><testcase classname="backend.tests.test_v33_alignment_overhaul" name="test_brand_call_transcript_rich" time="25.175"><failure message="AssertionError: Expected anthropic, got honest_fallback&#10;assert 'honest_fallback' == 'anthropic'&#10;  &#10;  - anthropic&#10;  + honest_fallback">backend/tests/test_v33_alignment_overhaul.py:147: in test_brand_call_transcript_rich
    assert snap.get("analysis_source") == "anthropic", f"Expected anthropic, got {snap.get('analysis_source')}"
E   AssertionError: Expected anthropic, got honest_fallback
E   assert 'honest_fallback' == 'anthropic'
E     
E     - anthropic
E     + honest_fallback</failure></testcase><testcase classname="backend.tests.test_v33_alignment_overhaul" name="test_brand_call_transcript_thin" time="9.178" /><testcase classname="backend.tests.test_v33_alignment_overhaul" name="test_brand_frame_transcripts_multi" time="11.975" /><testcase classname="backend.tests.test_v33_alignment_overhaul" name="test_analyze_all_connect_transcripts" time="0.049"><failure message="AssertionError: Expected anthropic, got None&#10;assert None == 'anthropic'&#10; +  where None = &lt;built-in method get of dict object at 0xf948b8210dc0&gt;('analysis_source')&#10; +    where &lt;built-in method get of dict object at 0xf948b8210dc0&gt; = {'job_id': 'analysis-job-5b463619bf', 'message': &quot;Transcript analysis started. We'll update this page when it is ready.&quot;, 'mode': 'background_job', 'ok': True, ...}.get">backend/tests/test_v33_alignment_overhaul.py:261: in test_analyze_all_connect_transcripts
    assert data.get("analysis_source") == "anthropic", f"Expected anthropic, got {data.get('analysis_source')}"
E   AssertionError: Expected anthropic, got None
E   assert None == 'anthropic'
E    +  where None = &lt;built-in method get of dict object at 0xf948b8210dc0&gt;('analysis_source')
E    +    where &lt;built-in method get of dict object at 0xf948b8210dc0&gt; = {'job_id': 'analysis-job-5b463619bf', 'message': "Transcript analysis started. We'll update this page when it is ready.", 'mode': 'background_job', 'ok': True, ...}.get</failure></testcase><testcase classname="backend.tests.test_v33_alignment_overhaul" name="test_v1_alignment_snapshot_questions" time="0.285" /><testcase classname="backend.tests.test_v33_alignment_overhaul" name="test_brand_followup_draft" time="7.197" /><testcase classname="backend.tests.test_v33_alignment_overhaul" name="test_meeting_analyze_business_call" time="11.859" /></testsuite></testsuites>