<?xml version="1.0" encoding="utf-8"?><testsuites name="pytest tests"><testsuite name="pytest" errors="0" failures="0" skipped="0" tests="5" time="1.480" timestamp="2026-06-24T15:22:29.917118+00:00" hostname="agent-env-ccc17138-ffca-488c-aece-517ac1a5920a"><testcase classname="backend.tests.test_create_meeting_no_auto_email" name="test_default_create_meeting_does_not_fire_invite_email" time="0.020" /><testcase classname="backend.tests.test_create_meeting_no_auto_email" name="test_explicit_send_invite_email_does_fire" time="1.238" /><testcase classname="backend.tests.test_create_meeting_no_auto_email" name="test_four_transcript_save_loop_simulates_zero_invite_emails" time="0.037" /><testcase classname="backend.tests.test_create_meeting_no_auto_email" name="test_transcript_upload_does_not_send_email" time="0.031" /><testcase classname="backend.tests.test_add_transcript_does_not_email" name="test_move_to_business_call_does_not_send_email" time="0.022" /></testsuite></testsuites>