<?xml version="1.0" encoding="utf-8"?><testsuites name="pytest tests"><testsuite name="pytest" errors="0" failures="0" skipped="0" tests="5" time="0.840" timestamp="2026-06-24T12:57:06.932316+00:00" hostname="agent-env-ccc17138-ffca-488c-aece-517ac1a5920a"><testcase classname="backend.tests.test_strategy_draft_persistence" name="test_save_strategy_draft_persists_9_canonical_sections" time="0.217" /><testcase classname="backend.tests.test_strategy_draft_persistence" name="test_reload_via_business_case_bundle_returns_saved_draft" time="0.121" /><testcase classname="backend.tests.test_strategy_draft_persistence" name="test_resaving_overwrites_previous_values" time="0.254" /><testcase classname="backend.tests.test_strategy_draft_persistence" name="test_unknown_business_case_id_returns_404" time="0.097" /><testcase classname="backend.tests.test_strategy_draft_persistence" name="test_missing_headings_default_to_empty_string" time="0.102" /></testsuite></testsuites>