<?xml version="1.0" encoding="utf-8"?><testsuites name="pytest tests"><testsuite name="pytest" errors="0" failures="0" skipped="0" tests="15" time="33.390" timestamp="2026-08-25T10:59:39.959865+00:00" hostname="agent-env-ccc17138-ffca-488c-aece-517ac1a5920a"><testcase classname="backend.tests.test_creative_brief_template.TestCanonicalShape" name="test_nine_sections_in_order" time="0.179" /><testcase classname="backend.tests.test_creative_brief_template.TestCanonicalShape" name="test_counts" time="0.001" /><testcase classname="backend.tests.test_creative_brief_template.TestPreviewHTML" name="test_preview_4_page_cards" time="0.177" /><testcase classname="backend.tests.test_creative_brief_template.TestPreviewHTML" name="test_preview_page_headings" time="0.127" /><testcase classname="backend.tests.test_creative_brief_template.TestPreviewHTML" name="test_boilerplate_verbatim" time="0.106" /><testcase classname="backend.tests.test_creative_brief_template.TestPreviewHTML" name="test_preview_no_creator_has_no_prepared_for" time="0.134" /><testcase classname="backend.tests.test_creative_brief_template.TestPreviewHTML" name="test_preview_with_creator_prepared_for_and_named_closing" time="0.101" /><testcase classname="backend.tests.test_creative_brief_template.TestPreviewHTML" name="test_preview_logo_and_footer_on_each_page" time="0.103" /><testcase classname="backend.tests.test_creative_brief_template.TestDocx" name="test_docx_has_3_page_breaks" time="0.218" /><testcase classname="backend.tests.test_creative_brief_template.TestDocx" name="test_docx_content_matches_preview_boilerplate" time="0.221" /><testcase classname="backend.tests.test_creative_brief_template.TestDocx" name="test_docx_with_creator_has_prepared_for" time="0.223" /><testcase classname="backend.tests.test_creative_brief_template.TestGenerate" name="test_generate_and_poll" time="18.477" /><testcase classname="backend.tests.test_creative_brief_template.TestSendCreate" name="test_create_brief_without_brief_text" time="5.093" /><testcase classname="backend.tests.test_creative_brief_template.TestSendCreate" name="test_send_endpoint_no_brief_text" time="4.050" /><testcase classname="backend.tests.test_creative_brief_template.TestLegacyRegression" name="test_legacy_free_text_brief_docx" time="4.118" /></testsuite></testsuites>