<?xml version="1.0" encoding="utf-8"?><testsuites name="pytest tests"><testsuite name="pytest" errors="0" failures="0" skipped="0" tests="10" time="14.187" timestamp="2026-06-24T11:27:55.094126+00:00" hostname="agent-env-ccc17138-ffca-488c-aece-517ac1a5920a"><testcase classname="backend.tests.test_connect_transcript_persistence.TestConnectTranscriptPersistence" name="test_01_seed_business_case_exists" time="0.181" /><testcase classname="backend.tests.test_connect_transcript_persistence.TestConnectTranscriptPersistence" name="test_02_create_four_meetings_and_upload_transcripts" time="9.640" /><testcase classname="backend.tests.test_connect_transcript_persistence.TestConnectTranscriptPersistence" name="test_03_list_returns_all_four_with_transcripts" time="0.044" /><testcase classname="backend.tests.test_connect_transcript_persistence.TestConnectTranscriptPersistence" name="test_04_dedupe_by_id_on_repeated_fetch" time="0.088" /><testcase classname="backend.tests.test_connect_transcript_persistence.TestConnectTranscriptPersistence" name="test_05_analyze_all_sees_four_transcripts_and_returns_200" time="0.310" /><testcase classname="backend.tests.test_connect_transcript_persistence.TestConnectTranscriptPersistence" name="test_06_append_fifth_transcript_does_not_replace_existing" time="3.254" /><testcase classname="backend.tests.test_connect_transcript_persistence.TestConnectTranscriptPersistence" name="test_07_analyze_all_after_append_sees_five" time="0.192" /><testcase classname="backend.tests.test_connect_transcript_persistence.TestConnectTranscriptPersistence" name="test_08_alignment_model_env_is_claude_sonnet_4_5" time="0.000" /><testcase classname="backend.tests.test_connect_transcript_persistence.TestConnectTranscriptPersistence" name="test_09_backend_logs_show_transcript_count_5" time="0.012" /><testcase classname="backend.tests.test_connect_transcript_persistence.TestConnectTranscriptPersistence" name="test_10_cleanup_test_meetings" time="0.414" /></testsuite></testsuites>