<?xml version="1.0" encoding="utf-8"?><testsuites name="pytest tests"><testsuite name="pytest" errors="0" failures="0" skipped="0" tests="4" time="59.495" timestamp="2026-06-24T15:22:37.665000+00:00" hostname="agent-env-ccc17138-ffca-488c-aece-517ac1a5920a"><testcase classname="backend.tests.test_analyze_all_background_job" name="test_empty_transcripts_returns_sync_reschedule" time="0.020" /><testcase classname="backend.tests.test_analyze_all_background_job" name="test_single_short_transcript_runs_sync" time="9.231" /><testcase classname="backend.tests.test_analyze_all_background_job" name="test_multiple_transcripts_create_background_job_and_complete" time="50.105" /><testcase classname="backend.tests.test_analyze_all_background_job" name="test_unknown_job_returns_404" time="0.009" /></testsuite></testsuites>