<?xml version="1.0" encoding="utf-8"?><testsuites name="pytest tests"><testsuite name="pytest" errors="0" failures="0" skipped="0" tests="13" time="30.790" timestamp="2026-08-25T11:29:30.413827+00:00" hostname="agent-env-ccc17138-ffca-488c-aece-517ac1a5920a"><testcase classname="backend.tests.test_flipbook_email_docx_iter37.TestFlipbookRenderers" name="test_template_flipbook_markup" time="22.025" /><testcase classname="backend.tests.test_flipbook_email_docx_iter37.TestFlipbookRenderers" name="test_legacy_flipbook_markup" time="0.181" /><testcase classname="backend.tests.test_flipbook_email_docx_iter37.TestFlipbookRenderers" name="test_pageflip_bundle_served" time="0.122" /><testcase classname="backend.tests.test_flipbook_email_docx_iter37.TestDeckAnalytics" name="test_open_and_turn" time="0.179" /><testcase classname="backend.tests.test_flipbook_email_docx_iter37.TestEmailLogoAndMime" name="test_transactional_html_has_cid_and_wordmark" time="0.640" /><testcase classname="backend.tests.test_flipbook_email_docx_iter37.TestEmailLogoAndMime" name="test_transactional_html_fallback_wordmark" time="0.015" /><testcase classname="backend.tests.test_flipbook_email_docx_iter37.TestEmailLogoAndMime" name="test_mime_structure_multipart_related_with_cid" time="0.004" /><testcase classname="backend.tests.test_flipbook_email_docx_iter37.TestCreativeBriefAlwaysDocx" name="test_bc_docx_endpoint" time="0.209" /><testcase classname="backend.tests.test_flipbook_email_docx_iter37.TestCreativeBriefAlwaysDocx" name="test_bc_docx_with_creator" time="0.204" /><testcase classname="backend.tests.test_flipbook_email_docx_iter37.TestCreativeBriefAlwaysDocx" name="test_preview_docx_post" time="0.206" /><testcase classname="backend.tests.test_flipbook_email_docx_iter37.TestCreativeBriefAlwaysDocx" name="test_creative_briefs_post_attaches_docx" time="3.271" /><testcase classname="backend.tests.test_flipbook_email_docx_iter37.TestCreativeBriefAlwaysDocx" name="test_bc_send_attaches_docx" time="3.545" /><testcase classname="backend.tests.test_flipbook_email_docx_iter37.TestCreativeBriefPreview4Pages" name="test_preview_returns_4_pages" time="0.110" /></testsuite></testsuites>