<?xml version="1.0" encoding="utf-8"?><testsuites name="pytest tests"><testsuite name="pytest" errors="0" failures="0" skipped="0" tests="32" time="6.536" timestamp="2026-06-24T10:41:03.042793+00:00" hostname="agent-env-ccc17138-ffca-488c-aece-517ac1a5920a"><testcase classname="backend.tests.test_brand_scraper_identity" name="test_explicit_website_wins_and_warns_about_mismatched_email" time="0.000" /><testcase classname="backend.tests.test_brand_scraper_identity" name="test_brand_name_fallback_when_email_does_not_match_brand" time="0.000" /><testcase classname="backend.tests.test_brand_scraper_identity" name="test_brand_name_fallback_for_unrelated_corporate_domain" time="0.000" /><testcase classname="backend.tests.test_brand_scraper_identity" name="test_email_domain_used_when_clearly_matches_brand" time="0.000" /><testcase classname="backend.tests.test_brand_scraper_identity" name="test_brand_name_normalisation_strips_corporate_suffixes" time="0.000" /><testcase classname="backend.tests.test_brand_scraper_identity" name="test_public_email_domains_are_ignored" time="0.000" /><testcase classname="backend.tests.test_brand_scraper_identity" name="test_no_usable_target_returns_none" time="0.000" /><testcase classname="backend.tests.test_brand_scraper_identity" name="test_canonical_brand_logo_skips_bad_app_store_asset" time="0.000" /><testcase classname="backend.tests.test_brand_scraper_identity" name="test_canonical_brand_logo_skips_google_play_badge" time="0.000" /><testcase classname="backend.tests.test_brand_scraper_identity" name="test_canonical_brand_logo_returns_first_clean_value" time="0.000" /><testcase classname="backend.tests.test_brand_scraper_identity" name="test_normalise_brand_payload_strips_bad_legacy_logos" time="0.000" /><testcase classname="backend.tests.test_brand_scraper_identity" name="test_canonical_brand_logo_picks_first_present_field" time="0.000" /><testcase classname="backend.tests.test_brand_scraper_identity" name="test_normalise_brand_payload_exposes_logo_url_for_legacy_records" time="0.001" /><testcase classname="backend.tests.test_brand_scraper_identity" name="test_normalise_brand_payload_is_noop_when_no_logo_exists" time="0.000" /><testcase classname="backend.tests.test_brand_scraper_identity" name="test_website_from_brand_inputs_drops_blocked_email_domains" time="0.000" /><testcase classname="backend.tests.test_brand_scraper_identity" name="test_website_from_brand_inputs_drops_mismatched_email_domains" time="0.000" /><testcase classname="backend.tests.test_brand_scraper_identity" name="test_website_from_brand_inputs_accepts_matching_email_domain" time="0.000" /><testcase classname="backend.tests.test_brand_scraper_candidates" name="test_is_marketplace_domain_blocks_app_stores_and_socials" time="0.000" /><testcase classname="backend.tests.test_brand_scraper_candidates" name="test_is_marketplace_domain_allows_official_sites" time="0.000" /><testcase classname="backend.tests.test_brand_scraper_candidates" name="test_is_bad_logo_url_rejects_generic_app_store_asset" time="0.000" /><testcase classname="backend.tests.test_brand_scraper_candidates" name="test_is_bad_logo_url_rejects_play_store_badge" time="0.000" /><testcase classname="backend.tests.test_brand_scraper_candidates" name="test_is_bad_logo_url_rejects_by_alt_hint" time="0.000" /><testcase classname="backend.tests.test_brand_scraper_candidates" name="test_is_bad_logo_url_accepts_official_site_logo" time="0.000" /><testcase classname="backend.tests.test_brand_scraper_candidates" name="test_is_bad_logo_url_blocks_marketplace_logo_when_official_exists" time="0.000" /><testcase classname="backend.tests.test_brand_scraper_candidates" name="test_score_brand_candidate_pins_explicit_website" time="0.000" /><testcase classname="backend.tests.test_brand_scraper_candidates" name="test_score_brand_candidate_rejects_app_store" time="0.000" /><testcase classname="backend.tests.test_brand_scraper_candidates" name="test_score_brand_candidate_scores_domain_matches" time="0.000" /><testcase classname="backend.tests.test_brand_scraper_candidates" name="test_score_brand_candidate_low_score_for_unrelated_domain" time="0.000" /><testcase classname="backend.tests.test_brand_logo_normalisation.TestBrandLogoNormalisation" name="test_detail_strips_legacy_app_store_logo" time="2.168" /><testcase classname="backend.tests.test_brand_logo_normalisation.TestBrandLogoNormalisation" name="test_list_endpoint_applies_same_normalisation" time="2.134" /><testcase classname="backend.tests.test_brand_logo_normalisation.TestBrandLogoNormalisation" name="test_legacy_clean_logo_field_promoted_to_logo_url" time="0.017" /><testcase classname="backend.tests.test_brand_logo_normalisation.TestBrandScrapeReplacesBadLogo" name="test_scrape_weyan_returns_clean_official_logo" time="1.907" /></testsuite></testsuites>