<?xml version="1.0" encoding="utf-8"?><testsuites name="pytest tests"><testsuite name="pytest" errors="0" failures="0" skipped="0" tests="8" time="144.952" timestamp="2026-06-23T10:17:25.820718+00:00" hostname="agent-env-ccc17138-ffca-488c-aece-517ac1a5920a"><testcase classname="backend.tests.test_v33_alignment_overhaul" name="test_business_case_get_regression" time="0.184" /><testcase classname="backend.tests.test_v33_alignment_overhaul" name="test_brand_call_transcript_rich" time="27.701" /><testcase classname="backend.tests.test_v33_alignment_overhaul" name="test_brand_call_transcript_thin" time="31.434" /><testcase classname="backend.tests.test_v33_alignment_overhaul" name="test_brand_frame_transcripts_multi" time="32.779" /><testcase classname="backend.tests.test_v33_alignment_overhaul" name="test_analyze_all_connect_transcripts" time="16.733" /><testcase classname="backend.tests.test_v33_alignment_overhaul" name="test_v1_alignment_snapshot_questions" time="17.145" /><testcase classname="backend.tests.test_v33_alignment_overhaul" name="test_brand_followup_draft" time="6.462" /><testcase classname="backend.tests.test_v33_alignment_overhaul" name="test_meeting_analyze_business_call" time="12.466" /></testsuite></testsuites>