<?xml version="1.0" encoding="utf-8"?><testsuites name="pytest tests"><testsuite name="pytest" errors="0" failures="0" skipped="0" tests="14" time="0.020" timestamp="2026-05-27T18:01:12.313019+00:00" hostname="agent-env-ccc17138-ffca-488c-aece-517ac1a5920a"><testcase classname="backend.tests.test_tracker_v33_addendum" name="test_query_plans_default_shape" time="0.000" /><testcase classname="backend.tests.test_tracker_v33_addendum" name="test_query_plans_recency_mix_default_60_40" time="0.000" /><testcase classname="backend.tests.test_tracker_v33_addendum" name="test_query_plans_recency_mix_tilt_to_80" time="0.000" /><testcase classname="backend.tests.test_tracker_v33_addendum" name="test_query_plans_recency_mix_tilt_to_20" time="0.000" /><testcase classname="backend.tests.test_tracker_v33_addendum" name="test_query_plans_trade_press_uses_site_filter" time="0.000" /><testcase classname="backend.tests.test_tracker_v33_addendum" name="test_query_plans_linkedin_uses_site_filter" time="0.000" /><testcase classname="backend.tests.test_tracker_v33_addendum" name="test_query_plans_google_news_engine_kwargs" time="0.000" /><testcase classname="backend.tests.test_tracker_v33_addendum" name="test_query_plans_tbs_matches_bucket" time="0.000" /><testcase classname="backend.tests.test_tracker_v33_addendum" name="test_pass1_linkedin_rejects_open_to_work" time="0.000" /><testcase classname="backend.tests.test_tracker_v33_addendum" name="test_pass1_linkedin_accepts_brand_announcement" time="0.000" /><testcase classname="backend.tests.test_tracker_v33_addendum" name="test_pass1_trade_press_skips_geo_check" time="0.000" /><testcase classname="backend.tests.test_tracker_v33_addendum" name="test_pass1_trade_press_still_requires_commercial_intent" time="0.000" /><testcase classname="backend.tests.test_tracker_v33_addendum" name="test_pass1_google_web_rejects_thinkpiece" time="0.000" /><testcase classname="backend.tests.test_tracker_v33_addendum" name="test_pass1_backwards_compat_no_source_key" time="0.000" /></testsuite></testsuites>