<?xml version="1.0" encoding="utf-8"?><testsuites name="pytest tests"><testsuite name="pytest" errors="0" failures="1" skipped="0" tests="16" time="2.236" timestamp="2026-05-15T13:46:05.522832+00:00" hostname="agent-env-ccc17138-ffca-488c-aece-517ac1a5920a"><testcase classname="backend.tests.test_v3_backend.TestBrands" name="test_list_brands_includes_osf_grant" time="0.211" /><testcase classname="backend.tests.test_v3_backend.TestBrands" name="test_filter_brands_by_grant" time="0.056" /><testcase classname="backend.tests.test_v3_backend.TestBusinessCases" name="test_list_at_least_5_seeded" time="0.062" /><testcase classname="backend.tests.test_v3_backend.TestBusinessCases" name="test_hydrate_nb_flagship" time="0.068" /><testcase classname="backend.tests.test_v3_backend.TestBusinessCases" name="test_osf_grant_waived" time="0.054" /><testcase classname="backend.tests.test_v3_backend.TestBusinessCases" name="test_create_bc_starts_in_connect" time="0.106" /><testcase classname="backend.tests.test_v3_backend.TestStageGates" name="test_advance_blocked_when_gates_fail" time="0.057" /><testcase classname="backend.tests.test_v3_backend.TestStageGates" name="test_advance_override_works" time="0.110" /><testcase classname="backend.tests.test_v3_backend.TestAlignment" name="test_generate_and_approve_alignment_paid" time="0.274" /><testcase classname="backend.tests.test_v3_backend.TestAlignment" name="test_approve_alignment_grant_skips_invoice" time="0.309" /><testcase classname="backend.tests.test_v3_backend.TestBrainstorm" name="test_auto_eliminate_low_conversion" time="0.260" /><testcase classname="backend.tests.test_v3_backend.TestDeliverables" name="test_transition_cycle" time="0.063"><failure message="assert 400 == 200&#10; +  where 400 = &lt;Response [400]&gt;.status_code">backend/tests/test_v3_backend.py:195: in test_transition_cycle
    assert r1.status_code == 200
E   assert 400 == 200
E    +  where 400 = &lt;Response [400]&gt;.status_code</failure></testcase><testcase classname="backend.tests.test_v3_backend.TestScopeChange" name="test_scope_change_pause_and_resume" time="0.209" /><testcase classname="backend.tests.test_v3_backend.TestFeedbackClosure" name="test_brand_and_creator_feedback_updates_closure" time="0.163" /><testcase classname="backend.tests.test_v3_backend.TestMetrics" name="test_admin_overview" time="0.049" /><testcase classname="backend.tests.test_v3_backend.TestCRMLive" name="test_crm_brand_count" time="0.049" /></testsuite></testsuites>