<?xml version="1.0" encoding="utf-8"?><testsuites name="pytest tests"><testsuite name="pytest" errors="0" failures="0" skipped="0" tests="6" time="137.311" timestamp="2026-05-27T16:35:42.524986+00:00" hostname="agent-env-ccc17138-ffca-488c-aece-517ac1a5920a"><testcase classname="backend.tests.test_v3_iter15_bugfix.TestResetDemoWipesTracker" name="test_reset_demo_returns_tracker_collections_in_response" time="0.149" /><testcase classname="backend.tests.test_v3_iter15_bugfix.TestResetDemoWipesTracker" name="test_scan_then_reset_clears_candidates" time="38.219" /><testcase classname="backend.tests.test_v3_iter15_bugfix.TestAcceptExistingBrandFamilyA" name="test_existing_brand_starts_without_family_a" time="0.232" /><testcase classname="backend.tests.test_v3_iter15_bugfix.TestAcceptExistingBrandFamilyA" name="test_accept_applies_family_a_to_existing_brand" time="30.583" /><testcase classname="backend.tests.test_v3_iter15_bugfix.TestAcceptExistingBrandFamilyA" name="test_accept_does_not_overwrite_populated_family_a_fields" time="34.175" /><testcase classname="backend.tests.test_v3_iter15_bugfix.TestAcceptExistingBrandFamilyA" name="test_accept_sets_stranger_on_primary_contact" time="33.896" /></testsuite></testsuites>