<?xml version="1.0" encoding="utf-8"?><testsuites name="pytest tests"><testsuite name="pytest" errors="0" failures="1" skipped="0" tests="10" time="34.954" timestamp="2026-05-27T16:19:19.347708+00:00" hostname="agent-env-ccc17138-ffca-488c-aece-517ac1a5920a"><testcase classname="backend.tests.test_v3_iter14_opportunities.TestPipelineCounts" name="test_pipeline_counts_shape" time="0.272" /><testcase classname="backend.tests.test_v3_iter14_opportunities.TestPipelineCounts" name="test_default_candidates_hide_dismissed_auto" time="0.171" /><testcase classname="backend.tests.test_v3_iter14_opportunities.TestPipelineCounts" name="test_candidates_filter_by_pipeline_state_new" time="0.108" /><testcase classname="backend.tests.test_v3_iter14_opportunities.TestOpportunityScan" name="test_scan_response_shape" time="32.950" /><testcase classname="backend.tests.test_v3_iter14_opportunities.TestOpportunityScan" name="test_candidates_carry_v33_fields" time="0.203" /><testcase classname="backend.tests.test_v3_iter14_opportunities.TestTransitionAndAccept" name="test_transition_to_reviewing" time="0.271" /><testcase classname="backend.tests.test_v3_iter14_opportunities.TestTransitionAndAccept" name="test_transition_to_outreach_sent_sets_timestamp" time="0.124" /><testcase classname="backend.tests.test_v3_iter14_opportunities.TestTransitionAndAccept" name="test_transition_to_meeting_booked_sets_timestamp" time="0.136" /><testcase classname="backend.tests.test_v3_iter14_opportunities.TestTransitionAndAccept" name="test_accept_creates_brand_contact_and_bc" time="0.331"><failure message="AssertionError: expected desired_relationship_status set, got: None&#10;assert None == 'Project Identified - Move to Framing'&#10; +  where None = &lt;built-in method get of dict object at 0xf9845b17b240&gt;('desired_relationship_status')&#10; +    where &lt;built-in method get of dict object at 0xf9845b17b240&gt; = {'company': 'Coca-Cola Nigeria Limited', 'email': 'folake.adeniran@coca-cola.com', 'engagement_track_default': 'paid', 'hq': 'Iddo House, Iddo, Lagos', ...}.get">backend/tests/test_v3_iter14_opportunities.py:183: in test_accept_creates_brand_contact_and_bc
    assert brand.get("desired_relationship_status") == "Project Identified - Move to Framing", (
E   AssertionError: expected desired_relationship_status set, got: None
E   assert None == 'Project Identified - Move to Framing'
E    +  where None = &lt;built-in method get of dict object at 0xf9845b17b240&gt;('desired_relationship_status')
E    +    where &lt;built-in method get of dict object at 0xf9845b17b240&gt; = {'company': 'Coca-Cola Nigeria Limited', 'email': 'folake.adeniran@coca-cola.com', 'engagement_track_default': 'paid', 'hq': 'Iddo House, Iddo, Lagos', ...}.get</failure></testcase><testcase classname="backend.tests.test_v3_iter14_opportunities.TestTransitionAndAccept" name="test_pipeline_counts_reflect_won" time="0.299" /></testsuite></testsuites>