<?xml version="1.0" encoding="utf-8"?><testsuites name="pytest tests"><testsuite name="pytest" errors="0" failures="0" skipped="0" tests="11" time="2.125" timestamp="2026-05-15T14:43:55.909214+00:00" hostname="agent-env-ccc17138-ffca-488c-aece-517ac1a5920a"><testcase classname="backend.tests.test_v3_iter13" name="test_create_brand_and_contact" time="0.309" /><testcase classname="backend.tests.test_v3_iter13" name="test_create_business_case" time="0.050" /><testcase classname="backend.tests.test_v3_iter13" name="test_create_interaction_updates_timeline" time="0.114" /><testcase classname="backend.tests.test_v3_iter13" name="test_set_connect_status_qualified" time="0.109" /><testcase classname="backend.tests.test_v3_iter13" name="test_advance_to_frame" time="0.058" /><testcase classname="backend.tests.test_v3_iter13" name="test_alignment_full" time="0.484" /><testcase classname="backend.tests.test_v3_iter13" name="test_brief_and_simulate_response" time="0.246" /><testcase classname="backend.tests.test_v3_iter13" name="test_create_snapshot_inherits_concept" time="0.309" /><testcase classname="backend.tests.test_v3_iter13" name="test_add_deliverable_updates_total" time="0.175" /><testcase classname="backend.tests.test_v3_iter13" name="test_generate_final_report" time="0.049" /><testcase classname="backend.tests.test_v3_iter13" name="test_reset_demo_cleans_state" time="0.175" /></testsuite></testsuites>